03-01 17:41:31 action_plugins.archive_project.action_archive_project 108:Plugin executed on: 'win32'
03-01 17:41:31 action_plugins.archive_project.action_archive_project 109:Plugin executed with python version: '2.7.18 (default, Apr 20 2020, 16:57:11)  [GCC 9.3.0 64 bit (AMD64)]'
03-01 17:41:31 action_plugins.archive_project.action_archive_project 110:KiCad build version: (5.1.9)-1
03-01 17:41:32 action_plugins.archive_project.action_archive_project 111:Archive plugin version: 48 started
03-01 17:41:37 action_plugins.archive_project.action_archive_project 167:Starting archiving only schematics
03-01 17:41:37 action_plugins.archive_project.archive_project 199:Starting to archive symbols
03-01 17:41:37 action_plugins.archive_project.archive_project 206:Pcb filename:C:/Users/andrewh/OneDrive - cre.ative IT/Documents/KiCad/Projects/flatpack2-adapter/EltekFlatpack2/EltekFlatpack2.kicad_pcb
03-01 17:41:37 action_plugins.archive_project.archive_project 218:Kicad config path: C:\Users\andrewh\AppData\Roaming\kicad
03-01 17:41:37 action_plugins.archive_project.archive_project 278:project-archive.lib is already in the sym-lib-table, using its nickname
03-01 17:41:37 action_plugins.archive_project.archive_project 380:found all subsheets
03-01 17:41:37 action_plugins.archive_project.archive_project 389:Archiving file: C:\Users\andrewh\OneDrive - cre.ative IT\Documents\KiCad\Projects\flatpack2-adapter\EltekFlatpack2\EltekFlatpack2.sch
03-01 17:41:38 action_plugins.archive_project.action_archive_project 175:Action plugin exiting due to error in schematics archiving part
03-01 17:41:38 action_plugins.archive_project.archive_project 139:Starting to archive worksheets
03-01 17:41:39 action_plugins.archive_project.action_archive_project 215:Starting 3D model archiving
03-01 17:41:39 action_plugins.archive_project.archive_project 552:Starting to archive 3D models
03-01 17:41:39 action_plugins.archive_project.archive_project 554:All defined environment variables: {'TMP': 'C:\\Users\\andrewh\\AppData\\Local\\Temp', 'COMPUTERNAME': 'LAPTOP-P52AH', 'USERDOMAIN': 'CREATIVE', 'SRFPROG': 'C:\\Program Files (x86)\\Texas Instruments\\SmartRF Tools\\Flash Programmer\\bin', 'PSMODULEPATH': 'C:\\Program Files\\WindowsPowerShell\\Modules;C:\\WINDOWS\\system32\\WindowsPowerShell\\v1.0\\Modules;C:\\Program Files\\Microsoft Message Analyzer\\PowerShell\\;C:\\Program Files\\Veeam\\Backup and Replication\\Explorers\\Exchange\\;C:\\Program Files\\Veeam\\Backup and Replication\\Explorers\\SharePoint\\;C:\\Program Files\\Veeam\\Backup and Replication\\Explorers\\SQL\\;C:\\Program Files\\Veeam\\Backup and Replication\\Explorers\\ActiveDirectory\\;C:\\Program Files\\Veeam\\Backup and Replication\\Explorers\\Oracle\\;C:\\Program Files\\Intel\\Wired Networking\\', 'KICAD_TEMPLATE_DIR': 'C:\\Program Files\\KiCad\\share\\kicad\\template', 'COMMONPROGRAMFILES': 'C:\\Program Files\\Common Files', 'PROCESSOR_IDENTIFIER': 'Intel64 Family 6 Model 158 Stepping 10, GenuineIntel', 'PROGRAMFILES': 'C:\\Program Files', 'PROCESSOR_REVISION': '9e0a', 'SYSTEMROOT': 'C:\\WINDOWS', 'UHD_PKG_PATH': 'C:\\Program Files\\PothosSDR', 'PATH': 'C:\\Program Files\\KiCad\\bin;C:\\Program Files\\KiCad\\bin;C:\\Program Files (x86)\\Razer Chroma SDK\\bin;C:\\Program Files\\Razer Chroma SDK\\bin;C:\\Program Files (x86)\\Razer\\ChromaBroadcast\\bin;C:\\Program Files\\Razer\\ChromaBroadcast\\bin;c:\\Program Files\\PothosSDR\\bin;C:\\Program Files\\AdoptOpenJDK\\jdk-11.0.9.11-hotspot\\bin;c:\\program files (x86)\\razer\\chromabroadcast\\bin;c:\\program files\\razer\\chromabroadcast\\bin;c:\\program files (x86)\\razer chroma sdk\\bin;c:\\program files\\razer chroma sdk\\bin;c:\\python38\\scripts\\;c:\\python38\\;c:\\program files (x86)\\microsoft sdks\\azure\\cli2\\wbin;c:\\program files (x86)\\common files\\oracle\\java\\javapath;c:\\windows\\system32;c:\\windows;c:\\windows\\system32\\wbem;c:\\windows\\system32\\windowspowershell\\v1.0\\;c:\\windows\\system32\\openssh\\;c:\\program files\\putty\\;c:\\program files\\intel\\wifi\\bin\\;c:\\program files\\common files\\intel\\wirelesscommon\\;c:\\program files\\git\\cmd;c:\\programdata\\chocolatey\\bin;c:\\program files (x86)\\plantronics\\spokes3g\\;c:\\program files (x86)\\sysinternals\\;c:\\program files\\sysinternals suite;c:\\programdata\\composersetup\\bin;c:\\program files\\windowspowershell\\scripts;c:\\program files\\docker\\docker\\resources\\bin;c:\\programdata\\dockerdesktop\\version-bin;c:\\program files\\symfony;c:\\program files\\microsoft vs code\\bin;c:\\program files\\nodejs\\;c:\\program files (x86)\\windows kits\\10\\windows performance toolkit\\;c:\\program files (x86)\\windows kits\\10\\bin\\10.0.19041.0\\x64;c:\\program files (x86)\\windows kits\\10\\bin\\10.0.19041.0\\x86;c:\\program files (x86)\\sophos\\sophos ssl vpn client\\bin;c:\\program files\\balena-cli\\bin;c:\\program files (x86)\\nmap;c:\\program files\\dell\\sysmgt\\idractools\\rac5;c:\\program files\\dotnet\\;c:\\program files\\nvidia corporation\\nvidia nvdlisr;C:\\Program Files (x86)\\NVIDIA Corporation\\PhysX\\Common;C:\\Program Files (x86)\\Sophos\\Sophos SSL VPN Client\\bin;C:\\Program Files (x86)\\GtkSharp\\2.12\\bin;C:\\WINDOWS\\system32\\config\\systemprofile\\AppData\\Local\\Microsoft\\WindowsApps;C:\\Program Files\\PowerShell\\7\\;C:\\Program Files\\Microsoft VS Code\\bin;C:\\Program Files (x86)\\dotnet\\;C:\\Program Files (x86)\\Bitvise SSH Client;C:\\Program Files\\Docker\\Docker\\resources\\bin;C:\\ProgramData\\DockerDesktop\\version-bin;C:\\Program Files\\WireGuard\\;C:\\Users\\andrewh\\.cargo\\bin;C:\\Users\\andrewh\\AppData\\Roaming\\npm;C:\\Users\\andrewh\\.dotnet\\tools;C:\\Users\\andrewh\\AppData\\Local\\GitHubDesktop\\bin;C:\\Users\\andrewh\\AppData\\Local\\Programs\\Microsoft VS Code\\bin;C:\\Users\\andrewh\\AppData\\Local\\particle\\bin;c:\\users\\andrewh\\appdata\\local\\programs\\fiddler;c:\\users\\andrewh\\appdata\\local\\githubdesktop\\bin;C:\\Users\\andrewh\\AppData\\Local\\Microsoft\\WindowsApps;C:\\Program Files\\balena-cli\\bin;C:\\Users\\andrewh\\OneDrive - cre.ative IT\\Documents\\WindowsPowerShell\\Scripts;C:\\Users\\andrewh\\AppData\\Local\\atom\\bin', 'PROGRAMFILES(X86)': 'C:\\Program Files (x86)', 'KICAD_SYMBOL_DIR': 'C:\\Program Files\\KiCad\\share\\kicad\\library', 'DRIVERDATA': 'C:\\Windows\\System32\\Drivers\\DriverData', 'KISYS3DMOD': 'C:\\Program Files\\KiCad\\share\\kicad\\modules\\packages3d\\', 'GRC_BLOCKS_PATH': 'C:\\Program Files\\PothosSDR\\share\\gnuradio\\grc\\blocks', 'TEMP': 'C:\\Users\\andrewh\\AppData\\Local\\Temp', 'COMMONPROGRAMFILES(X86)': 'C:\\Program Files (x86)\\Common Files', 'PROCESSOR_ARCHITECTURE': 'AMD64', 'CHOCOLATEYINSTALL': 'C:\\ProgramData\\chocolatey', 'CHOCOLATEYLASTPATHUPDATE': '132401324297795793', 'ALLUSERSPROFILE': 'C:\\ProgramData', 'LOCALAPPDATA': 'C:\\Users\\andrewh\\AppData\\Local', 'HOMEPATH': '\\Users\\andrewh', 'USERDOMAIN_ROAMINGPROFILE': 'CREATIVE', 'JAVA_HOME': 'C:\\Program Files\\AdoptOpenJDK\\jdk-11.0.9.11-hotspot\\', 'PROGRAMW6432': 'C:\\Program Files', 'USERNAME': 'andrewh', 'LOGONSERVER': '\\\\LAPTOP-P52AH', 'EASY_EDA_3D': 'C:\\Users\\andrewh\\Documents\\KiCad\\Libraries\\EasyEDA-Scraped', 'SESSIONNAME': 'Console', 'PROGRAMDATA': 'C:\\ProgramData', 'VISUALGDB_DIR': 'C:\\Program Files (x86)\\Sysprogs\\VisualGDB\\', 'CHOCOLATEYTOOLSLOCATION': 'C:\\tools', 'ONEDRIVE': 'C:\\Users\\andrewh\\OneDrive - neggl.es', 'GR_PREFIX': 'C:\\Program Files\\PothosSDR', 'USERDNSDOMAIN': 'creative.local', 'KICAD_USER_TEMPLATE_DIR': 'C:\\Users\\andrewh\\Documents\\KiCad\\Templates', 'VOLK_PREFIX': 'C:\\Program Files\\PothosSDR', 'PATHEXT': '.COM;.EXE;.BAT;.CMD;.VBS;.VBE;.JS;.JSE;.WSF;.WSH;.MSC;.PY;.PYW', 'KISYSMOD': 'C:\\Program Files\\KiCad\\share\\kicad\\modules', 'ONEDRIVECOMMERCIAL': 'C:\\Users\\andrewh\\OneDrive - neggl.es', 'WINDIR': 'C:\\WINDOWS', 'KIGITHUB': 'https://github.com/KiCad', 'HOMEDRIVE': 'C:', 'POWERSHELL_DISTRIBUTION_CHANNEL': 'MSI:Windows 10 Pro', 'GTK_BASEPATH': 'C:\\Program Files (x86)\\GtkSharp\\2.12\\', 'SYSTEMDRIVE': 'C:', 'COMSPEC': 'C:\\WINDOWS\\system32\\cmd.exe', 'NUMBER_OF_PROCESSORS': '12', 'APPDATA': 'C:\\Users\\andrewh\\AppData\\Roaming', 'PROCESSOR_LEVEL': '6', 'KIPRJMOD': 'C:\\Users\\andrewh\\OneDrive - cre.ative IT\\Documents\\KiCad\\Projects\\flatpack2-adapter\\EltekFlatpack2', 'COMMONPROGRAMW6432': 'C:\\Program Files\\Common Files', 'OS': 'Windows_NT', 'PUBLIC': 'C:\\Users\\Public', 'USERPROFILE': 'C:\\Users\\andrewh'}
03-01 17:41:39 action_plugins.archive_project.archive_project 579:Getting 3D models for footprint of: JA3
03-01 17:41:39 action_plugins.archive_project.archive_project 579:Getting 3D models for footprint of: JB3
03-01 17:41:39 action_plugins.archive_project.archive_project 590:Trying to copy: ${KIPRJMOD}/shapes3D/TE_2204535-1.stp
03-01 17:41:39 action_plugins.archive_project.archive_project 647:Remapping: ${KIPRJMOD}/shapes3D/TE_2204535-1.stp
03-01 17:41:39 action_plugins.archive_project.archive_project 579:Getting 3D models for footprint of: T2
03-01 17:41:39 action_plugins.archive_project.archive_project 579:Getting 3D models for footprint of: T1
03-01 17:41:39 action_plugins.archive_project.archive_project 579:Getting 3D models for footprint of: R2
03-01 17:41:39 action_plugins.archive_project.archive_project 590:Trying to copy: ${KISYS3DMOD}/Resistor_THT.3dshapes/R_Axial_DIN0204_L3.6mm_D1.6mm_P5.08mm_Horizontal.wrl
03-01 17:41:39 action_plugins.archive_project.archive_project 647:Remapping: ${KISYS3DMOD}/Resistor_THT.3dshapes/R_Axial_DIN0204_L3.6mm_D1.6mm_P5.08mm_Horizontal.wrl
03-01 17:41:39 action_plugins.archive_project.archive_project 579:Getting 3D models for footprint of: PC1
03-01 17:41:39 action_plugins.archive_project.archive_project 579:Getting 3D models for footprint of: JA2
03-01 17:41:39 action_plugins.archive_project.archive_project 590:Trying to copy: ${KIPRJMOD}/shapes3D/Molex_Nano-Fit_105313-xx04_1x04_P2.50mm_Horizontal.step
03-01 17:41:39 action_plugins.archive_project.archive_project 647:Remapping: ${KIPRJMOD}/shapes3D/Molex_Nano-Fit_105313-xx04_1x04_P2.50mm_Horizontal.step
03-01 17:41:39 action_plugins.archive_project.archive_project 590:Trying to copy: ${KIPRJMOD}/shapes3D/Molex_Nano-Fit_105313-xx04_1x04_P2.50mm_Horizontal.step
03-01 17:41:39 action_plugins.archive_project.archive_project 647:Remapping: ${KIPRJMOD}/shapes3D/Molex_Nano-Fit_105313-xx04_1x04_P2.50mm_Horizontal.step
03-01 17:41:39 action_plugins.archive_project.archive_project 579:Getting 3D models for footprint of: JC3
03-01 17:41:39 action_plugins.archive_project.archive_project 579:Getting 3D models for footprint of: JA1
03-01 17:41:39 action_plugins.archive_project.archive_project 590:Trying to copy: ${KIPRJMOD}/shapes3D/1605540000.stp
03-01 17:41:39 action_plugins.archive_project.archive_project 647:Remapping: ${KIPRJMOD}/shapes3D/1605540000.stp
03-01 17:41:39 action_plugins.archive_project.archive_project 579:Getting 3D models for footprint of: JB1
03-01 17:41:39 action_plugins.archive_project.archive_project 590:Trying to copy: ${KIPRJMOD}/shapes3D/TerminalBlock_WAGO_236-103_1x03_P5.00mm_45Degree.wrl
03-01 17:41:39 action_plugins.archive_project.archive_project 647:Remapping: ${KIPRJMOD}/shapes3D/TerminalBlock_WAGO_236-103_1x03_P5.00mm_45Degree.wrl
03-01 17:41:39 action_plugins.archive_project.archive_project 579:Getting 3D models for footprint of: H2
03-01 17:41:39 action_plugins.archive_project.archive_project 579:Getting 3D models for footprint of: H4
03-01 17:41:39 action_plugins.archive_project.archive_project 579:Getting 3D models for footprint of: H3
03-01 17:41:39 action_plugins.archive_project.archive_project 579:Getting 3D models for footprint of: H1
03-01 17:41:39 action_plugins.archive_project.archive_project 579:Getting 3D models for footprint of: JP1
03-01 17:41:39 action_plugins.archive_project.archive_project 579:Getting 3D models for footprint of: JB2
03-01 17:41:39 action_plugins.archive_project.archive_project 590:Trying to copy: ${KIPRJMOD}/shapes3D/PhoenixContact_MC_1,5_3-G-3.5_1x03_P3.50mm_Horizontal.wrl
03-01 17:41:39 action_plugins.archive_project.archive_project 647:Remapping: ${KIPRJMOD}/shapes3D/PhoenixContact_MC_1,5_3-G-3.5_1x03_P3.50mm_Horizontal.wrl
03-01 17:41:39 action_plugins.archive_project.archive_project 579:Getting 3D models for footprint of: R1
03-01 17:41:39 action_plugins.archive_project.archive_project 590:Trying to copy: ${KIPRJMOD}/shapes3D/R_0805_2012Metric.wrl
03-01 17:41:39 action_plugins.archive_project.archive_project 647:Remapping: ${KIPRJMOD}/shapes3D/R_0805_2012Metric.wrl
